[debug] [2024-10-18T10:13:00.439Z] ----------------------------------------------------------------------
[debug] [2024-10-18T10:13:00.441Z] Command:       C:\Program Files\nodejs\node.exe C:\Users\KING\AppData\Roaming\npm\node_modules\firebase-tools\lib\bin\firebase.js login
[debug] [2024-10-18T10:13:00.442Z] CLI Version:   13.22.1
[debug] [2024-10-18T10:13:00.442Z] Platform:      win32
[debug] [2024-10-18T10:13:00.442Z] Node Version:  v18.17.0
[debug] [2024-10-18T10:13:00.443Z] Time:          Fri Oct 18 2024 15:43:00 GMT+0530 (India Standard Time)
[debug] [2024-10-18T10:13:00.444Z] ----------------------------------------------------------------------
[debug] 
[debug] [2024-10-18T10:13:00.447Z] >>> [apiv2][query] GET https://firebase-public.firebaseio.com/cli.json [none]
[info] i  Firebase optionally collects CLI and Emulator Suite usage and error reporting information to help improve our products. Data is collected in accordance with Google's privacy policy (https://policies.google.com/privacy) and is not used to identify you.
 
[debug] [2024-10-18T10:13:01.095Z] <<< [apiv2][status] GET https://firebase-public.firebaseio.com/cli.json 200
[debug] [2024-10-18T10:13:01.096Z] <<< [apiv2][body] GET https://firebase-public.firebaseio.com/cli.json {"cloudBuildErrorAfter":1594252800000,"cloudBuildWarnAfter":1590019200000,"defaultNode10After":1594252800000,"minVersion":"3.0.5","node8DeploysDisabledAfter":1613390400000,"node8RuntimeDisabledAfter":1615809600000,"node8WarnAfter":1600128000000}
[info] i  To change your data collection preference at any time, run `firebase logout` and log in again. 
[info] 
[info] Visit this URL on this device to log in:
[info] https://accounts.google.com/o/oauth2/auth?client_id=563584335869-fgrhgmd47bqnekij5i8b5pr03ho849e6.apps.googleusercontent.com&scope=email%20openid%20https%3A%2F%2Fwww.googleapis.com%2Fauth%2Fcloudplatformprojects.readonly%20https%3A%2F%2Fwww.googleapis.com%2Fauth%2Ffirebase%20https%3A%2F%2Fwww.googleapis.com%2Fauth%2Fcloud-platform&response_type=code&state=296317361&redirect_uri=http%3A%2F%2Flocalhost%3A9005
[info] 
[info] Waiting for authentication...
[debug] [2024-10-18T10:15:31.857Z] >>> [apiv2][query] POST https://auth.firebase.tools/attest [none]
[debug] [2024-10-18T10:15:31.858Z] >>> [apiv2][body] POST https://auth.firebase.tools/attest {"session_id":"9b68c61b-d15e-4efc-bb88-905db35cacd8"}
[debug] [2024-10-18T10:15:32.463Z] <<< [apiv2][status] POST https://auth.firebase.tools/attest 200
[debug] [2024-10-18T10:15:32.463Z] <<< [apiv2][body] POST https://auth.firebase.tools/attest {"token":"84l8-9YXWnUTxgnv67ZeRRnOhbrYQ-TmbhLW64BgyPA"}
[info] 
[info] To sign in to the Firebase CLI:
[info] 
[info] 1. Take note of your session ID:
[info] 
[info]    9B68C
[info] 
[info] 2. Visit the URL below on any device and follow the instructions to get your code:
[info] 
[info]    https://auth.firebase.tools/login?code_challenge=6nYckmWxPae8_q8rv70F_JxOZFml82HsS526TtlsJtM&session=9b68c61b-d15e-4efc-bb88-905db35cacd8&attest=84l8-9YXWnUTxgnv67ZeRRnOhbrYQ-TmbhLW64BgyPA
[info] 
[info] 3. Paste or enter the authorization code below once you have it:
[info] 
